1593185906150	mozrunner::runner	INFO	Running command: "C:\\Program Files\\Mozilla Firefox\\firefox.exe" "-marionette" "-foreground" "-no-remote" "-profile" "C:\\Users\\thaqi\\AppData\\Local\\Temp\\rust_mozprofilegcv8Nf"
JavaScript error: resource://gre/modules/XULStore.jsm, line 66: Error: Can't find profile directory.
1593185909250	Marionette	INFO	Listening on port 55613
1593185909337	Marionette	WARN	TLS certificate errors will be ignored for this session
JavaScript error: resource://gre/modules/NetworkGeolocationProvider.jsm, line 555: TypeError: xhr.response.location is undefined
1593185974418	Marionette	INFO	Stopped listening on port 55613

###!!! [Child][RunMessage] Error: Channel closing: too late to send/recv, messages will be lost


###!!! [Child][MessageChannel::SendAndWait] Error: Channel error: cannot send/recv

1593186255563	mozrunner::runner	INFO	Running command: "C:\\Program Files\\Mozilla Firefox\\firefox.exe" "-marionette" "-foreground" "-no-remote" "-profile" "C:\\Users\\thaqi\\AppData\\Local\\Temp\\rust_mozprofileqG6ETM"
JavaScript error: resource://gre/modules/XULStore.jsm, line 66: Error: Can't find profile directory.
1593186258731	Marionette	INFO	Listening on port 55746
1593186259238	Marionette	WARN	TLS certificate errors will be ignored for this session
JavaScript error: resource://gre/modules/NetworkGeolocationProvider.jsm, line 555: TypeError: xhr.response.location is undefined
1593186327764	Marionette	INFO	Stopped listening on port 55746

###!!! [Child][RunMessage] Error: Channel closing: too late to send/recv, messages will be lost


###!!! [Child][MessageChannel::SendAndWait] Error: Channel error: cannot send/recv

1593186518175	mozrunner::runner	INFO	Running command: "C:\\Program Files\\Mozilla Firefox\\firefox.exe" "-marionette" "-foreground" "-no-remote" "-profile" "C:\\Users\\thaqi\\AppData\\Local\\Temp\\rust_mozprofile0hKX0Z"
JavaScript error: resource://gre/modules/XULStore.jsm, line 66: Error: Can't find profile directory.
1593186521694	Marionette	INFO	Listening on port 55886
1593186521873	Marionette	WARN	TLS certificate errors will be ignored for this session
1593186566745	Marionette	INFO	Stopped listening on port 55886

###!!! [Child][RunMessage] Error: Channel closing: too late to send/recv, messages will be lost


###!!! [Child][MessageChannel::SendAndWait] Error: Channel error: cannot send/recv

1593186830492	mozrunner::runner	INFO	Running command: "C:\\Program Files\\Mozilla Firefox\\firefox.exe" "-marionette" "-foreground" "-no-remote" "-profile" "C:\\Users\\thaqi\\AppData\\Local\\Temp\\rust_mozprofileUxeEFh"
JavaScript error: resource://gre/modules/XULStore.jsm, line 66: Error: Can't find profile directory.
1593186833944	Marionette	INFO	Listening on port 55986
1593186834172	Marionette	WARN	TLS certificate errors will be ignored for this session
1593186877399	Marionette	INFO	Stopped listening on port 55986

###!!! [Child][RunMessage] Error: Channel closing: too late to send/recv, messages will be lost


###!!! [Child][MessageChannel::SendAndWait] Error: Channel error: cannot send/recv

1593186938528	mozrunner::runner	INFO	Running command: "C:\\Program Files\\Mozilla Firefox\\firefox.exe" "-marionette" "-foreground" "-no-remote" "-profile" "C:\\Users\\thaqi\\AppData\\Local\\Temp\\rust_mozprofileQK7j0m"
JavaScript error: resource://gre/modules/XULStore.jsm, line 66: Error: Can't find profile directory.
1593186941736	Marionette	INFO	Listening on port 56059
1593186942191	Marionette	WARN	TLS certificate errors will be ignored for this session
1593186985632	Marionette	INFO	Stopped listening on port 56059

###!!! [Child][RunMessage] Error: Channel closing: too late to send/recv, messages will be lost


###!!! [Child][MessageChannel::SendAndWait] Error: Channel error: cannot send/recv

1593187282058	mozrunner::runner	INFO	Running command: "C:\\Program Files\\Mozilla Firefox\\firefox.exe" "-marionette" "-foreground" "-no-remote" "-profile" "C:\\Users\\thaqi\\AppData\\Local\\Temp\\rust_mozprofileKFkPX6"
JavaScript error: resource://gre/modules/XULStore.jsm, line 66: Error: Can't find profile directory.
1593187287960	Marionette	INFO	Listening on port 56234
1593187288350	Marionette	WARN	TLS certificate errors will be ignored for this session
1593187300221	Marionette	INFO	Stopped listening on port 56234

###!!! [Child][RunMessage] Error: Channel closing: too late to send/recv, messages will be lost


###!!! [Child][MessageChannel::SendAndWait] Error: Channel error: cannot send/recv

1593191522969	mozrunner::runner	INFO	Running command: "C:\\Program Files\\Mozilla Firefox\\firefox.exe" "-marionette" "-foreground" "-no-remote" "-profile" "C:\\Users\\thaqi\\AppData\\Local\\Temp\\rust_mozprofile9Dqf1e"
JavaScript error: resource://gre/modules/XULStore.jsm, line 66: Error: Can't find profile directory.
1593191527929	Marionette	INFO	Listening on port 56652
1593191528233	Marionette	WARN	TLS certificate errors will be ignored for this session
1593191548478	Marionette	INFO	Stopped listening on port 56652

###!!! [Child][RunMessage] Error: Channel closing: too late to send/recv, messages will be lost


###!!! [Child][MessageChannel::SendAndWait] Error: Channel error: cannot send/recv

1593193357789	mozrunner::runner	INFO	Running command: "C:\\Program Files\\Mozilla Firefox\\firefox.exe" "-marionette" "-foreground" "-no-remote" "-profile" "C:\\Users\\thaqi\\AppData\\Local\\Temp\\rust_mozprofileMC99zt"
JavaScript error: resource://gre/modules/XULStore.jsm, line 66: Error: Can't find profile directory.
1593193361653	Marionette	INFO	Listening on port 57316
1593193361958	Marionette	WARN	TLS certificate errors will be ignored for this session
1593193366705	Marionette	INFO	Stopped listening on port 57316

###!!! [Child][RunMessage] Error: Channel closing: too late to send/recv, messages will be lost


###!!! [Child][MessageChannel::SendAndWait] Error: Channel error: cannot send/recv

1593193630089	mozrunner::runner	INFO	Running command: "C:\\Program Files\\Mozilla Firefox\\firefox.exe" "-marionette" "-foreground" "-no-remote" "-profile" "C:\\Users\\thaqi\\AppData\\Local\\Temp\\rust_mozprofile2m9pNe"
JavaScript error: resource://gre/modules/XULStore.jsm, line 66: Error: Can't find profile directory.
1593193633773	Marionette	INFO	Listening on port 57401
1593193633801	Marionette	WARN	TLS certificate errors will be ignored for this session
1593193638257	Marionette	INFO	Stopped listening on port 57401
JavaScript error: resource://gre/modules/UrlClassifierListManager.jsm, line 691: TypeError: this.tablesData[table] is undefined

###!!! [Child][RunMessage] Error: Channel closing: too late to send/recv, messages will be lost


###!!! [Child][MessageChannel::SendAndWait] Error: Channel error: cannot send/recv

1593193695159	mozrunner::runner	INFO	Running command: "C:\\Program Files\\Mozilla Firefox\\firefox.exe" "-marionette" "-foreground" "-no-remote" "-profile" "C:\\Users\\thaqi\\AppData\\Local\\Temp\\rust_mozprofilewrCMcJ"
JavaScript error: resource://gre/modules/XULStore.jsm, line 66: Error: Can't find profile directory.
1593193699049	Marionette	INFO	Listening on port 57479
1593193699328	Marionette	WARN	TLS certificate errors will be ignored for this session
1593193704341	Marionette	INFO	Stopped listening on port 57479

###!!! [Child][RunMessage] Error: Channel closing: too late to send/recv, messages will be lost


###!!! [Child][MessageChannel::SendAndWait] Error: Channel error: cannot send/recv

1593193815114	mozrunner::runner	INFO	Running command: "C:\\Program Files\\Mozilla Firefox\\firefox.exe" "-marionette" "-foreground" "-no-remote" "-profile" "C:\\Users\\thaqi\\AppData\\Local\\Temp\\rust_mozprofileNOjitP"
JavaScript error: resource://gre/modules/XULStore.jsm, line 66: Error: Can't find profile directory.
1593193820306	Marionette	INFO	Listening on port 57555
1593193820415	Marionette	WARN	TLS certificate errors will be ignored for this session
1593193824820	Marionette	INFO	Stopped listening on port 57555

###!!! [Child][MessageChannel::SendAndWait] Error: Channel error: cannot send/recv

1593193908320	mozrunner::runner	INFO	Running command: "C:\\Program Files\\Mozilla Firefox\\firefox.exe" "-marionette" "-foreground" "-no-remote" "-profile" "C:\\Users\\thaqi\\AppData\\Local\\Temp\\rust_mozprofileLKdU3u"
JavaScript error: resource://gre/modules/XULStore.jsm, line 66: Error: Can't find profile directory.
1593193911922	Marionette	INFO	Listening on port 57631
1593193911990	Marionette	WARN	TLS certificate errors will be ignored for this session
1593193917414	Marionette	INFO	Stopped listening on port 57631

###!!! [Child][RunMessage] Error: Channel closing: too late to send/recv, messages will be lost


###!!! [Child][MessageChannel::SendAndWait] Error: Channel error: cannot send/recv

1593193980908	mozrunner::runner	INFO	Running command: "C:\\Program Files\\Mozilla Firefox\\firefox.exe" "-marionette" "-foreground" "-no-remote" "-profile" "C:\\Users\\thaqi\\AppData\\Local\\Temp\\rust_mozprofileWHK5NO"
JavaScript error: resource://gre/modules/XULStore.jsm, line 66: Error: Can't find profile directory.
1593193984436	Marionette	INFO	Listening on port 57706
1593193984596	Marionette	WARN	TLS certificate errors will be ignored for this session
1593193989643	Marionette	INFO	Stopped listening on port 57706

###!!! [Child][RunMessage] Error: Channel closing: too late to send/recv, messages will be lost


###!!! [Child][MessageChannel::SendAndWait] Error: Channel error: cannot send/recv

1593257377359	mozrunner::runner	INFO	Running command: "C:\\Program Files\\Mozilla Firefox\\firefox.exe" "-marionette" "-foreground" "-no-remote" "-profile" "C:\\Users\\thaqi\\AppData\\Local\\Temp\\rust_mozprofileWm5BBG"
JavaScript error: resource://gre/modules/XULStore.jsm, line 66: Error: Can't find profile directory.
1593257381701	Marionette	INFO	Listening on port 61262
1593257382125	Marionette	WARN	TLS certificate errors will be ignored for this session
1593257387612	Marionette	INFO	Stopped listening on port 61262

###!!! [Child][RunMessage] Error: Channel closing: too late to send/recv, messages will be lost


###!!! [Child][MessageChannel::SendAndWait] Error: Channel error: cannot send/recv

1593277919063	mozrunner::runner	INFO	Running command: "C:\\Program Files\\Mozilla Firefox\\firefox.exe" "-marionette" "-foreground" "-no-remote" "-profile" "C:\\Users\\thaqi\\AppData\\Local\\Temp\\rust_mozprofilevqL5vp"
JavaScript error: resource://gre/modules/XULStore.jsm, line 66: Error: Can't find profile directory.
1593277924567	Marionette	INFO	Listening on port 63878
1593277924852	Marionette	WARN	TLS certificate errors will be ignored for this session
1593277932043	Marionette	INFO	Stopped listening on port 63878

###!!! [Child][RunMessage] Error: Channel closing: too late to send/recv, messages will be lost


###!!! [Child][MessageChannel::SendAndWait] Error: Channel error: cannot send/recv

1593278116900	mozrunner::runner	INFO	Running command: "C:\\Program Files\\Mozilla Firefox\\firefox.exe" "-marionette" "-foreground" "-no-remote" "-profile" "C:\\Users\\thaqi\\AppData\\Local\\Temp\\rust_mozprofileR2NbNc"
JavaScript error: resource://gre/modules/XULStore.jsm, line 66: Error: Can't find profile directory.
1593278120793	Marionette	INFO	Listening on port 63977
1593278121087	Marionette	WARN	TLS certificate errors will be ignored for this session
1593278131126	Marionette	INFO	Stopped listening on port 63977

###!!! [Child][RunMessage] Error: Channel closing: too late to send/recv, messages will be lost


###!!! [Child][MessageChannel::SendAndWait] Error: Channel error: cannot send/recv

1593278202923	mozrunner::runner	INFO	Running command: "C:\\Program Files\\Mozilla Firefox\\firefox.exe" "-marionette" "-foreground" "-no-remote" "-profile" "C:\\Users\\thaqi\\AppData\\Local\\Temp\\rust_mozprofileCVsaRj"
JavaScript error: resource://gre/modules/XULStore.jsm, line 66: Error: Can't find profile directory.
1593278206916	Marionette	INFO	Listening on port 64066
1593278207111	Marionette	WARN	TLS certificate errors will be ignored for this session
1593278218978	Marionette	INFO	Stopped listening on port 64066

###!!! [Child][MessageChannel::SendAndWait] Error: Channel error: cannot send/recv

1593278272275	mozrunner::runner	INFO	Running command: "C:\\Program Files\\Mozilla Firefox\\firefox.exe" "-marionette" "-foreground" "-no-remote" "-profile" "C:\\Users\\thaqi\\AppData\\Local\\Temp\\rust_mozprofilee0fSNz"
JavaScript error: resource://gre/modules/XULStore.jsm, line 66: Error: Can't find profile directory.
1593278275780	Marionette	INFO	Listening on port 64148
1593278275950	Marionette	WARN	TLS certificate errors will be ignored for this session
1593278294375	Marionette	INFO	Stopped listening on port 64148
JavaScript error: https://www.gstatic.com/_/mss/boq-search/_/js/k=boq-search.VisualFrontendUi.en_US.4NJvFoba_PQ.es5.O/am=lICCFNmbCEEQJUACMvgwAAhkAAkkBIBAAAYABBgAAAAAABfgEAAAAACEjAAAAMgS/d=1/excm=_b,_tp,searchview/ed=1/dg=0/wt=2/ct=zgms/rs=AH7-fg7yFswoBYPt11hbYOmRNXfihxB-tQ/m=_b,_tp, line 499: NS_ERROR_NOT_INITIALIZED: 

###!!! [Child][RunMessage] Error: Channel closing: too late to send/recv, messages will be lost


###!!! [Child][MessageChannel::SendAndWait] Error: Channel error: cannot send/recv

1593279149751	mozrunner::runner	INFO	Running command: "C:\\Program Files\\Mozilla Firefox\\firefox.exe" "-marionette" "-foreground" "-no-remote" "-profile" "C:\\Users\\thaqi\\AppData\\Local\\Temp\\rust_mozprofile6RN7op"
JavaScript error: resource://gre/modules/XULStore.jsm, line 66: Error: Can't find profile directory.
1593279153290	Marionette	INFO	Listening on port 64338
1593279153438	Marionette	WARN	TLS certificate errors will be ignored for this session
1593279159064	Marionette	INFO	Stopped listening on port 64338

###!!! [Child][RunMessage] Error: Channel closing: too late to send/recv, messages will be lost


###!!! [Child][MessageChannel::SendAndWait] Error: Channel error: cannot send/recv

1593279234248	mozrunner::runner	INFO	Running command: "C:\\Program Files\\Mozilla Firefox\\firefox.exe" "-marionette" "-foreground" "-no-remote" "-profile" "C:\\Users\\thaqi\\AppData\\Local\\Temp\\rust_mozprofilemNvvkO"
JavaScript error: resource://gre/modules/XULStore.jsm, line 66: Error: Can't find profile directory.
1593279238151	Marionette	INFO	Listening on port 64420
1593279238428	Marionette	WARN	TLS certificate errors will be ignored for this session
1593279243339	Marionette	INFO	Stopped listening on port 64420

###!!! [Child][RunMessage] Error: Channel closing: too late to send/recv, messages will be lost


###!!! [Child][MessageChannel::SendAndWait] Error: Channel error: cannot send/recv

1593279367109	mozrunner::runner	INFO	Running command: "C:\\Program Files\\Mozilla Firefox\\firefox.exe" "-marionette" "-foreground" "-no-remote" "-profile" "C:\\Users\\thaqi\\AppData\\Local\\Temp\\rust_mozprofileb72iz8"
JavaScript error: resource://gre/modules/XULStore.jsm, line 66: Error: Can't find profile directory.
1593279370972	Marionette	INFO	Listening on port 64505
1593279371264	Marionette	WARN	TLS certificate errors will be ignored for this session
1593279376010	Marionette	INFO	Stopped listening on port 64505

###!!! [Child][RunMessage] Error: Channel closing: too late to send/recv, messages will be lost


###!!! [Child][MessageChannel::SendAndWait] Error: Channel error: cannot send/recv

1593279570662	mozrunner::runner	INFO	Running command: "C:\\Program Files\\Mozilla Firefox\\firefox.exe" "-marionette" "-foreground" "-no-remote" "-profile" "C:\\Users\\thaqi\\AppData\\Local\\Temp\\rust_mozprofiletquG83"
JavaScript error: resource://gre/modules/XULStore.jsm, line 66: Error: Can't find profile directory.
1593279574390	Marionette	INFO	Listening on port 64591
1593279574839	Marionette	WARN	TLS certificate errors will be ignored for this session
1593279581052	Marionette	INFO	Stopped listening on port 64591

###!!! [Child][RunMessage] Error: Channel closing: too late to send/recv, messages will be lost


###!!! [Child][MessageChannel::SendAndWait] Error: Channel error: cannot send/recv

1593279676688	mozrunner::runner	INFO	Running command: "C:\\Program Files\\Mozilla Firefox\\firefox.exe" "-marionette" "-foreground" "-no-remote" "-profile" "C:\\Users\\thaqi\\AppData\\Local\\Temp\\rust_mozprofileUJEviU"
JavaScript error: resource://gre/modules/XULStore.jsm, line 66: Error: Can't find profile directory.
1593279680786	Marionette	INFO	Listening on port 64674
1593279680864	Marionette	WARN	TLS certificate errors will be ignored for this session
1593279685689	Marionette	INFO	Stopped listening on port 64674

###!!! [Child][RunMessage] Error: Channel closing: too late to send/recv, messages will be lost


###!!! [Child][MessageChannel::SendAndWait] Error: Channel error: cannot send/recv

1593279841998	mozrunner::runner	INFO	Running command: "C:\\Program Files\\Mozilla Firefox\\firefox.exe" "-marionette" "-foreground" "-no-remote" "-profile" "C:\\Users\\thaqi\\AppData\\Local\\Temp\\rust_mozprofilehS61su"
JavaScript error: resource://gre/modules/XULStore.jsm, line 66: Error: Can't find profile directory.
1593279845677	Marionette	INFO	Listening on port 64770
1593279846173	Marionette	WARN	TLS certificate errors will be ignored for this session
1593279850436	Marionette	INFO	Stopped listening on port 64770

###!!! [Child][RunMessage] Error: Channel closing: too late to send/recv, messages will be lost


###!!! [Child][MessageChannel::SendAndWait] Error: Channel error: cannot send/recv

1593279891306	mozrunner::runner	INFO	Running command: "C:\\Program Files\\Mozilla Firefox\\firefox.exe" "-marionette" "-foreground" "-no-remote" "-profile" "C:\\Users\\thaqi\\AppData\\Local\\Temp\\rust_mozprofile17Al20"
JavaScript error: resource://gre/modules/XULStore.jsm, line 66: Error: Can't find profile directory.
1593279894887	Marionette	INFO	Listening on port 64846
1593279895032	Marionette	WARN	TLS certificate errors will be ignored for this session
1593279909631	Marionette	INFO	Stopped listening on port 64846

###!!! [Child][RunMessage] Error: Channel closing: too late to send/recv, messages will be lost


###!!! [Child][MessageChannel::SendAndWait] Error: Channel error: cannot send/recv

